Replace Part C1 Cap in C:\Users\Toshýba\Desktop\Aviyonik\roket\Yeni_Roket\Roket_v2\RoketAnaSistem\RoketAnaSistemSematik.SchDoc with Cap from Miscellaneous Devices.IntLib
Replace Part C2 Cap in C:\Users\Toshýba\Desktop\Aviyonik\roket\Yeni_Roket\Roket_v2\RoketAnaSistem\RoketAnaSistemSematik.SchDoc with Cap from Miscellaneous Devices.IntLib
Replace Part C3 Cap in C:\Users\Toshýba\Desktop\Aviyonik\roket\Yeni_Roket\Roket_v2\RoketAnaSistem\RoketAnaSistemSematik.SchDoc with Cap from Miscellaneous Devices.IntLib
Replace Part C4 Cap in C:\Users\Toshýba\Desktop\Aviyonik\roket\Yeni_Roket\Roket_v2\RoketAnaSistem\RoketAnaSistemSematik.SchDoc with Cap from Miscellaneous Devices.IntLib
Replace Part IC1 MPU9250 MODULE in C:\Users\Toshýba\Desktop\Aviyonik\roket\Yeni_Roket\Roket_v2\RoketAnaSistem\RoketAnaSistemSematik.SchDoc with MPU9250 MODULE from RoketAnaSistemSematikKütüphane.SchLib
Replace Part J1 XT60-M in C:\Users\Toshýba\Desktop\Aviyonik\roket\Yeni_Roket\Roket_v2\RoketAnaSistem\RoketAnaSistemSematik.SchDoc with XT60-M from RoketAnaSistemSematikKütüphane.SchLib
Replace Part P1 Header 6 in C:\Users\Toshýba\Desktop\Aviyonik\roket\Yeni_Roket\Roket_v2\RoketAnaSistem\RoketAnaSistemSematik.SchDoc with Header 6 from Miscellaneous Connectors.IntLib
Replace Part P2 Header 6 in C:\Users\Toshýba\Desktop\Aviyonik\roket\Yeni_Roket\Roket_v2\RoketAnaSistem\RoketAnaSistemSematik.SchDoc with Header 6 from Miscellaneous Connectors.IntLib
Replace Part Q1 IRF540 in C:\Users\Toshýba\Desktop\Aviyonik\roket\Yeni_Roket\Roket_v2\RoketAnaSistem\RoketAnaSistemSematik.SchDoc with IRF540 from RoketAnaSistemSematikKütüphane.SchLib
Replace Part Q2 IRF540 in C:\Users\Toshýba\Desktop\Aviyonik\roket\Yeni_Roket\Roket_v2\RoketAnaSistem\RoketAnaSistemSematik.SchDoc with IRF540 from RoketAnaSistemSematikKütüphane.SchLib
Replace Part R1 Res Thermal in C:\Users\Toshýba\Desktop\Aviyonik\roket\Yeni_Roket\Roket_v2\RoketAnaSistem\RoketAnaSistemSematik.SchDoc with Res Thermal from Miscellaneous Devices.IntLib
Replace Part R2 Res Thermal in C:\Users\Toshýba\Desktop\Aviyonik\roket\Yeni_Roket\Roket_v2\RoketAnaSistem\RoketAnaSistemSematik.SchDoc with Res Thermal from Miscellaneous Devices.IntLib
Replace Part R3 Res Thermal in C:\Users\Toshýba\Desktop\Aviyonik\roket\Yeni_Roket\Roket_v2\RoketAnaSistem\RoketAnaSistemSematik.SchDoc with Res Thermal from Miscellaneous Devices.IntLib
Replace Part R4 Res Thermal in C:\Users\Toshýba\Desktop\Aviyonik\roket\Yeni_Roket\Roket_v2\RoketAnaSistem\RoketAnaSistemSematik.SchDoc with Res Thermal from Miscellaneous Devices.IntLib
Replace Part U1 LORA E32 433T20D in C:\Users\Toshýba\Desktop\Aviyonik\roket\Yeni_Roket\Roket_v2\RoketAnaSistem\RoketAnaSistemSematik.SchDoc with LORA E32 433T20D from RoketAnaSistemSematikKütüphane.SchLib
Replace Part U2 LM1086CT-ADJ/NOPB in C:\Users\Toshýba\Desktop\Aviyonik\roket\Yeni_Roket\Roket_v2\RoketAnaSistem\RoketAnaSistemSematik.SchDoc with LM1086CT-ADJ/NOPB from RoketAnaSistemSematikKütüphane.SchLib
Replace Part U3 Rasspberry Pi Pico in C:\Users\Toshýba\Desktop\Aviyonik\roket\Yeni_Roket\Roket_v2\RoketAnaSistem\RoketAnaSistemSematik.SchDoc with Rasspberry Pi Pico from RoketAnaSistemSematikKütüphane.SchLib
Replace Part U4 ATTINY2313A-PU in C:\Users\Toshýba\Desktop\Aviyonik\roket\Yeni_Roket\Roket_v2\RoketAnaSistem\RoketAnaSistemSematik.SchDoc with ATTINY2313A-PU from RoketAnaSistemSematikKütüphane.SchLib
Replace Part U5 LPS25H MODULE in C:\Users\Toshýba\Desktop\Aviyonik\roket\Yeni_Roket\Roket_v2\RoketAnaSistem\RoketAnaSistemSematik.SchDoc with LPS25H MODULE from RoketAnaSistemSematikKütüphane.SchLib
Replace Part U6 BMP280 MODULE in C:\Users\Toshýba\Desktop\Aviyonik\roket\Yeni_Roket\Roket_v2\RoketAnaSistem\RoketAnaSistemSematik.SchDoc with BMP280 MODULE from RoketAnaSistemSematikKütüphane.SchLib
Replace Part U7 NEO 7M GPS MODULE in C:\Users\Toshýba\Desktop\Aviyonik\roket\Yeni_Roket\Roket_v2\RoketAnaSistem\RoketAnaSistemSematik.SchDoc with NEO 7M GPS MODULE from RoketAnaSistemSematikKütüphane.SchLib
