Added Component: Designator=O1(OPTOKUPLÖR)
Added Component: Designator=O2(OPTOKUPLÖR)
Added Component: Designator=P4(HDR1X2)
Add component (AddParameter): Name = "LatestRevisionDate"; Value = "17-Jul-2002"; VariantName = "[No Variations]"
Add component (AddParameter): Name = "LatestRevisionNote"; Value = "Re-released for DXP Platform."; VariantName = "[No Variations]"
Add component (AddParameter): Name = "Publisher"; Value = "Altium Limited"; VariantName = "[No Variations]"
Added Component: Designator=R3(AXIAL-0.4)
Add component (AddParameter): Name = "LatestRevisionDate"; Value = "17-Jul-2002"; VariantName = "[No Variations]"
Add component (AddParameter): Name = "LatestRevisionNote"; Value = "Re-released for DXP Platform."; VariantName = "[No Variations]"
Add component (AddParameter): Name = "PackageDescription"; Value = "Axial Device, Thru-Hole; 2 Leads; 0.4 in Pin Spacing"; VariantName = "[No Variations]"
Add component (AddParameter): Name = "PackageReference"; Value = "AXIAL-0.4"; VariantName = "[No Variations]"
Add component (AddParameter): Name = "Published"; Value = "8-Jun-2000"; VariantName = "[No Variations]"
Add component (AddParameter): Name = "Publisher"; Value = "Altium Limited"; VariantName = "[No Variations]"
Add component (AddParameter): Name = "Value"; Value = "470"; VariantName = "[No Variations]"
Added Component: Designator=R4(AXIAL-0.4)
Add component (AddParameter): Name = "LatestRevisionDate"; Value = "17-Jul-2002"; VariantName = "[No Variations]"
Add component (AddParameter): Name = "LatestRevisionNote"; Value = "Re-released for DXP Platform."; VariantName = "[No Variations]"
Add component (AddParameter): Name = "PackageDescription"; Value = "Axial Device, Thru-Hole; 2 Leads; 0.4 in Pin Spacing"; VariantName = "[No Variations]"
Add component (AddParameter): Name = "PackageReference"; Value = "AXIAL-0.4"; VariantName = "[No Variations]"
Add component (AddParameter): Name = "Published"; Value = "8-Jun-2000"; VariantName = "[No Variations]"
Add component (AddParameter): Name = "Publisher"; Value = "Altium Limited"; VariantName = "[No Variations]"
Add component (AddParameter): Name = "Value"; Value = "470"; VariantName = "[No Variations]"
Added Pin To Net: NetName=GND Pin=O1-2
Added Pin To Net: NetName=GND Pin=O2-2
Added Pin To Net: NetName=C_1 Pin=O1-3
Added Pin To Net: NetName=C_1 Pin=P1-1
Added Net: Name=C_1
Added Pin To Net: NetName=C_2 Pin=O2-3
Added Pin To Net: NetName=C_2 Pin=P4-1
Added Net: Name=C_2
Added Pin To Net: NetName=E_1 Pin=O1-4
Added Pin To Net: NetName=E_1 Pin=P1-2
Added Net: Name=E_1
Added Pin To Net: NetName=E_2 Pin=O2-4
Added Pin To Net: NetName=E_2 Pin=P4-2
Added Net: Name=E_2
Added Pin To Net: NetName=LED_IN_1 Pin=R3-2
Added Pin To Net: NetName=LED_IN_1 Pin=U3-31
Added Net: Name=LED_IN_1
Added Pin To Net: NetName=LED_IN_2 Pin=R4-2
Added Pin To Net: NetName=LED_IN_2 Pin=U3-29
Added Net: Name=LED_IN_2
Added Pin To Net: NetName=NetO1_1 Pin=O1-1
Added Pin To Net: NetName=NetO1_1 Pin=R3-1
Added Net: Name=NetO1_1
Added Pin To Net: NetName=NetO2_1 Pin=O2-1
Added Pin To Net: NetName=NetO2_1 Pin=R4-1
Added Net: Name=NetO2_1
Added Member To Class: ClassName=RoketAnaSistemSematik Member=Component O1 OPTOKUPLÖR
Added Member To Class: ClassName=RoketAnaSistemSematik Member=Component O2 OPTOKUPLÖR
Added Member To Class: ClassName=RoketAnaSistemSematik Member=Component P4 Header 2
Added Member To Class: ClassName=RoketAnaSistemSematik Member=Component R3 Res2
Added Member To Class: ClassName=RoketAnaSistemSematik Member=Component R4 Res2
