Replace Part C1 Cap2 in C:\Users\Toshýba\Desktop\Aviyonik\roket\Yeni_Roket\Roket_v2\RoketAnaSistem\RoketAnaSistemSematik.SchDoc with Cap2 from Miscellaneous Devices.IntLib
Replace Part C2 Cap2 in C:\Users\Toshýba\Desktop\Aviyonik\roket\Yeni_Roket\Roket_v2\RoketAnaSistem\RoketAnaSistemSematik.SchDoc with Cap2 from Miscellaneous Devices.IntLib
Replace Part C3 Cap2 in C:\Users\Toshýba\Desktop\Aviyonik\roket\Yeni_Roket\Roket_v2\RoketAnaSistem\RoketAnaSistemSematik.SchDoc with Cap2 from Miscellaneous Devices.IntLib
Replace Part D1 Diode 1N4001 in C:\Users\Toshýba\Desktop\Aviyonik\roket\Yeni_Roket\Roket_v2\RoketAnaSistem\RoketAnaSistemSematik.SchDoc with Diode 1N4001 from Miscellaneous Devices.IntLib
Replace Part D2 Diode 1N4001 in C:\Users\Toshýba\Desktop\Aviyonik\roket\Yeni_Roket\Roket_v2\RoketAnaSistem\RoketAnaSistemSematik.SchDoc with Diode 1N4001 from Miscellaneous Devices.IntLib
Replace Part IC1 MPU9250 MODULE in C:\Users\Toshýba\Desktop\Aviyonik\roket\Yeni_Roket\Roket_v2\RoketAnaSistem\RoketAnaSistemSematik.SchDoc with MPU9250 MODULE from RoketAnaSistemSematikKütüphane.SchLib
Replace Part IC2 AMS1117 in C:\Users\Toshýba\Desktop\Aviyonik\roket\Yeni_Roket\Roket_v2\RoketAnaSistem\RoketAnaSistemSematik.SchDoc with AMS1117 from RoketAnaSistemSematikKütüphane.SchLib
Replace Part IC3 LM317T in C:\Users\Toshýba\Desktop\Aviyonik\roket\Yeni_Roket\Roket_v2\RoketAnaSistem\RoketAnaSistemSematik.SchDoc with LM317T from RoketAnaSistemSematikKütüphane.SchLib
Replace Part O1 OPTOKUPLÖR in C:\Users\Toshýba\Desktop\Aviyonik\roket\Yeni_Roket\Roket_v2\RoketAnaSistem\RoketAnaSistemSematik.SchDoc with OPTOKUPLÖR from RoketAnaSistemSematikKütüphane.SchLib
Replace Part O2 OPTOKUPLÖR in C:\Users\Toshýba\Desktop\Aviyonik\roket\Yeni_Roket\Roket_v2\RoketAnaSistem\RoketAnaSistemSematik.SchDoc with OPTOKUPLÖR from RoketAnaSistemSematikKütüphane.SchLib
Replace Part P1 Header 2 in C:\Users\Toshýba\Desktop\Aviyonik\roket\Yeni_Roket\Roket_v2\RoketAnaSistem\RoketAnaSistemSematik.SchDoc with Header 2 from Miscellaneous Connectors.IntLib
Replace Part P2 Header 6 in C:\Users\Toshýba\Desktop\Aviyonik\roket\Yeni_Roket\Roket_v2\RoketAnaSistem\RoketAnaSistemSematik.SchDoc with Header 6 from Miscellaneous Connectors.IntLib
Replace Part P3 Header 2 in C:\Users\Toshýba\Desktop\Aviyonik\roket\Yeni_Roket\Roket_v2\RoketAnaSistem\RoketAnaSistemSematik.SchDoc with Header 2 from Miscellaneous Connectors.IntLib
Replace Part P4 Header 2 in C:\Users\Toshýba\Desktop\Aviyonik\roket\Yeni_Roket\Roket_v2\RoketAnaSistem\RoketAnaSistemSematik.SchDoc with Header 2 from Miscellaneous Connectors.IntLib
Replace Part R1 Res2 in C:\Users\Toshýba\Desktop\Aviyonik\roket\Yeni_Roket\Roket_v2\RoketAnaSistem\RoketAnaSistemSematik.SchDoc with Res2 from Miscellaneous Devices.IntLib
Replace Part R2 Res2 in C:\Users\Toshýba\Desktop\Aviyonik\roket\Yeni_Roket\Roket_v2\RoketAnaSistem\RoketAnaSistemSematik.SchDoc with Res2 from Miscellaneous Devices.IntLib
Replace Part R3 Res2 in C:\Users\Toshýba\Desktop\Aviyonik\roket\Yeni_Roket\Roket_v2\RoketAnaSistem\RoketAnaSistemSematik.SchDoc with Res2 from Miscellaneous Devices.IntLib
Replace Part R4 Res2 in C:\Users\Toshýba\Desktop\Aviyonik\roket\Yeni_Roket\Roket_v2\RoketAnaSistem\RoketAnaSistemSematik.SchDoc with Res2 from Miscellaneous Devices.IntLib
Replace Part R5 Res3 in C:\Users\Toshýba\Desktop\Aviyonik\roket\Yeni_Roket\Roket_v2\RoketAnaSistem\RoketAnaSistemSematik.SchDoc with Res3 from Miscellaneous Devices.IntLib
Replace Part R6 Res3 in C:\Users\Toshýba\Desktop\Aviyonik\roket\Yeni_Roket\Roket_v2\RoketAnaSistem\RoketAnaSistemSematik.SchDoc with Res3 from Miscellaneous Devices.IntLib
Replace Part S1 SW-SPST in C:\Users\Toshýba\Desktop\Aviyonik\roket\Yeni_Roket\Roket_v2\RoketAnaSistem\RoketAnaSistemSematik.SchDoc with SW-SPST from Miscellaneous Devices.IntLib
Replace Part U1 LORA E32 433T20D in C:\Users\Toshýba\Desktop\Aviyonik\roket\Yeni_Roket\Roket_v2\RoketAnaSistem\RoketAnaSistemSematik.SchDoc with LORA E32 433T20D from RoketAnaSistemSematikKütüphane.SchLib
Replace Part U3 Rasspberry Pi Pico in C:\Users\Toshýba\Desktop\Aviyonik\roket\Yeni_Roket\Roket_v2\RoketAnaSistem\RoketAnaSistemSematik.SchDoc with Rasspberry Pi Pico from RoketAnaSistemSematikKütüphane.SchLib
Replace Part U5 LPS25H MODULE in C:\Users\Toshýba\Desktop\Aviyonik\roket\Yeni_Roket\Roket_v2\RoketAnaSistem\RoketAnaSistemSematik.SchDoc with LPS25H MODULE from RoketAnaSistemSematikKütüphane.SchLib
Replace Part U6 BMP280 MODULE in C:\Users\Toshýba\Desktop\Aviyonik\roket\Yeni_Roket\Roket_v2\RoketAnaSistem\RoketAnaSistemSematik.SchDoc with BMP280 MODULE from RoketAnaSistemSematikKütüphane.SchLib
Replace Part U7 NEO 7M GPS MODULE in C:\Users\Toshýba\Desktop\Aviyonik\roket\Yeni_Roket\Roket_v2\RoketAnaSistem\RoketAnaSistemSematik.SchDoc with NEO 7M GPS MODULE from RoketAnaSistemSematikKütüphane.SchLib
